Connecting to database specified by database.yml
Connecting to database specified by database.yml
  [1m[36m (0.1ms)[0m  [1mselect sqlite_version(*)[0m
  [1m[35m (1.3ms)[0m  CREATE TABLE "schema_migrations" ("version" varchar(255) NOT NULL) 
  [1m[36m (1.0ms)[0m  [1mCREATE UNIQUE INDEX "unique_schema_migrations" ON "schema_migrations" ("version")[0m
  [1m[35m (0.1ms)[0m  SELECT "schema_migrations"."version" FROM "schema_migrations" 
Migrating to CreateImportantEvents (20130717050712)
  [1m[36m (0.0ms)[0m  [1mbegin transaction[0m
  [1m[35m (0.4ms)[0m  CREATE TABLE "important_events" ("id" INTEGER PRIMARY KEY AUTOINCREMENT NOT NULL, "event" varchar(255), "date" date, "details" varchar(255), "created_at" datetime NOT NULL, "updated_at" datetime NOT NULL) 
  [1m[36m (0.1ms)[0m  [1mINSERT INTO "schema_migrations" ("version") VALUES ('20130717050712')[0m
  [1m[35m (0.9ms)[0m  commit transaction
  [1m[36m (0.1ms)[0m  [1mSELECT "schema_migrations"."version" FROM "schema_migrations" [0m
Connecting to database specified by database.yml


Started GET "/assets/rails.png" for 127.0.0.1 at 2013-07-16 22:09:40 -0700
Served asset /rails.png - 304 Not Modified (4ms)


Started GET "/" for 127.0.0.1 at 2013-07-16 22:10:04 -0700

ActionController::RoutingError (No route matches [GET] "/"):
  actionpack (3.2.13) lib/action_dispatch/middleware/debug_exceptions.rb:21:in `call'
  actionpack (3.2.13) lib/action_dispatch/middleware/show_exceptions.rb:56:in `call'
  railties (3.2.13) lib/rails/rack/logger.rb:32:in `call_app'
  railties (3.2.13) lib/rails/rack/logger.rb:16:in `block in call'
  activesupport (3.2.13) lib/active_support/tagged_logging.rb:22:in `tagged'
  railties (3.2.13) lib/rails/rack/logger.rb:16:in `call'
  actionpack (3.2.13) lib/action_dispatch/middleware/request_id.rb:22:in `call'
  rack (1.4.5) lib/rack/methodoverride.rb:21:in `call'
  rack (1.4.5) lib/rack/runtime.rb:17:in `call'
  activesupport (3.2.13) lib/active_support/cache/strategy/local_cache.rb:72:in `call'
  rack (1.4.5) lib/rack/lock.rb:15:in `call'
  actionpack (3.2.13) lib/action_dispatch/middleware/static.rb:63:in `call'
  railties (3.2.13) lib/rails/engine.rb:479:in `call'
  railties (3.2.13) lib/rails/application.rb:223:in `call'
  rack (1.4.5) lib/rack/content_length.rb:14:in `call'
  railties (3.2.13) lib/rails/rack/log_tailer.rb:17:in `call'
  rack (1.4.5) lib/rack/handler/webrick.rb:59:in `service'
  /Users/Colette/.rvm/rubies/ruby-2.0.0-p247/lib/ruby/2.0.0/webrick/httpserver.rb:138:in `service'
  /Users/Colette/.rvm/rubies/ruby-2.0.0-p247/lib/ruby/2.0.0/webrick/httpserver.rb:94:in `run'
  /Users/Colette/.rvm/rubies/ruby-2.0.0-p247/lib/ruby/2.0.0/webrick/server.rb:295:in `block in start_thread'


  Rendered /Users/Colette/.rvm/gems/ruby-2.0.0-p247@rails3/gems/actionpack-3.2.13/lib/action_dispatch/middleware/templates/rescues/routing_error.erb within rescues/layout (1.5ms)


Started GET "/important_events" for 127.0.0.1 at 2013-07-16 22:10:50 -0700
Processing by ImportantEventsController#index as HTML
  [1m[36mImportantEvent Load (0.1ms)[0m  [1mSELECT "important_events".* FROM "important_events" [0m
  Rendered important_events/index.html.erb within layouts/application (1.1ms)
Compiled important_events.css  (4ms)  (pid 3120)
Compiled scaffolds.css  (11ms)  (pid 3120)
Compiled application.css  (47ms)  (pid 3120)
Compiled jquery.js  (4ms)  (pid 3120)
Compiled jquery_ujs.js  (0ms)  (pid 3120)
Compiled important_events.js  (108ms)  (pid 3120)
Compiled application.js  (162ms)  (pid 3120)
Completed 200 OK in 267ms (Views: 247.2ms | ActiveRecord: 1.1ms)


Started GET "/assets/important_events.css?body=1" for 127.0.0.1 at 2013-07-16 22:10:51 -0700
Served asset /important_events.css - 200 OK (3ms)


Started GET "/assets/scaffolds.css?body=1" for 127.0.0.1 at 2013-07-16 22:10:51 -0700
Served asset /scaffolds.css - 304 Not Modified (3ms)


Started GET "/assets/application.css?body=1" for 127.0.0.1 at 2013-07-16 22:10:51 -0700
Served asset /application.css - 200 OK (8ms)


Started GET "/assets/important_events.js?body=1" for 127.0.0.1 at 2013-07-16 22:10:51 -0700
Served asset /important_events.js - 200 OK (1ms)


Started GET "/assets/application.js?body=1" for 127.0.0.1 at 2013-07-16 22:10:51 -0700
Served asset /application.js - 200 OK (26ms)


Started GET "/assets/jquery.js?body=1" for 127.0.0.1 at 2013-07-16 22:10:51 -0700
Served asset /jquery.js - 304 Not Modified (2ms)


Started GET "/assets/jquery_ujs.js?body=1" for 127.0.0.1 at 2013-07-16 22:10:51 -0700
Served asset /jquery_ujs.js - 304 Not Modified (3ms)


Started GET "/important_events/new" for 127.0.0.1 at 2013-07-16 22:10:54 -0700
Processing by ImportantEventsController#new as HTML
  Rendered important_events/_form.html.erb (14.8ms)
  Rendered important_events/new.html.erb within layouts/application (20.2ms)
Completed 200 OK in 37ms (Views: 30.4ms | ActiveRecord: 0.0ms)


Started GET "/assets/scaffolds.css?body=1" for 127.0.0.1 at 2013-07-16 22:10:54 -0700
Served asset /scaffolds.css - 304 Not Modified (0ms)


Started GET "/assets/jquery.js?body=1" for 127.0.0.1 at 2013-07-16 22:10:54 -0700
Served asset /jquery.js - 304 Not Modified (0ms)


Started GET "/assets/jquery_ujs.js?body=1" for 127.0.0.1 at 2013-07-16 22:10:54 -0700
Served asset /jquery_ujs.js - 304 Not Modified (0ms)


Started GET "/important_events/new" for 127.0.0.1 at 2013-07-16 22:22:11 -0700

SyntaxError (/Users/Colette/Dev_Stuff/Calendar_Tracker/app/controllers/important_events_controller.rb:85: syntax error, unexpected '.'
      if .date >
          ^):
  activesupport (3.2.13) lib/active_support/dependencies.rb:469:in `load'
  activesupport (3.2.13) lib/active_support/dependencies.rb:469:in `block in load_file'
  activesupport (3.2.13) lib/active_support/dependencies.rb:639:in `new_constants_in'
  activesupport (3.2.13) lib/active_support/dependencies.rb:468:in `load_file'
  activesupport (3.2.13) lib/active_support/dependencies.rb:353:in `require_or_load'
  activesupport (3.2.13) lib/active_support/dependencies.rb:502:in `load_missing_constant'
  activesupport (3.2.13) lib/active_support/dependencies.rb:192:in `block in const_missing'
  activesupport (3.2.13) lib/active_support/dependencies.rb:190:in `each'
  activesupport (3.2.13) lib/active_support/dependencies.rb:190:in `const_missing'
  activesupport (3.2.13) lib/active_support/inflector/methods.rb:230:in `block in constantize'
  activesupport (3.2.13) lib/active_support/inflector/methods.rb:229:in `each'
  activesupport (3.2.13) lib/active_support/inflector/methods.rb:229:in `constantize'
  activesupport (3.2.13) lib/active_support/dependencies.rb:554:in `get'
  actionpack (3.2.13) lib/action_dispatch/routing/route_set.rb:69:in `controller_reference'
  actionpack (3.2.13) lib/action_dispatch/routing/route_set.rb:54:in `controller'
  actionpack (3.2.13) lib/action_dispatch/routing/route_set.rb:32:in `call'
  journey (1.0.4) lib/journey/router.rb:68:in `block in call'
  journey (1.0.4) lib/journey/router.rb:56:in `each'
  journey (1.0.4) lib/journey/router.rb:56:in `call'
  actionpack (3.2.13) lib/action_dispatch/routing/route_set.rb:612:in `call'
  actionpack (3.2.13) lib/action_dispatch/middleware/best_standards_support.rb:17:in `call'
  rack (1.4.5) lib/rack/etag.rb:23:in `call'
  rack (1.4.5) lib/rack/conditionalget.rb:25:in `call'
  actionpack (3.2.13) lib/action_dispatch/middleware/head.rb:14:in `call'
  actionpack (3.2.13) lib/action_dispatch/middleware/params_parser.rb:21:in `call'
  actionpack (3.2.13) lib/action_dispatch/middleware/flash.rb:242:in `call'
  rack (1.4.5) lib/rack/session/abstract/id.rb:210:in `context'
  rack (1.4.5) lib/rack/session/abstract/id.rb:205:in `call'
  actionpack (3.2.13) lib/action_dispatch/middleware/cookies.rb:341:in `call'
  activerecord (3.2.13) lib/active_record/query_cache.rb:64:in `call'
  activerecord (3.2.13) lib/active_record/connection_adapters/abstract/connection_pool.rb:479:in `call'
  actionpack (3.2.13) lib/action_dispatch/middleware/callbacks.rb:28:in `block in call'
  activesupport (3.2.13) lib/active_support/callbacks.rb:405:in `_run__2649973909339850877__call__1705356233029410145__callbacks'
  activesupport (3.2.13) lib/active_support/callbacks.rb:405:in `__run_callback'
  activesupport (3.2.13) lib/active_support/callbacks.rb:385:in `_run_call_callbacks'
  activesupport (3.2.13) lib/active_support/callbacks.rb:81:in `run_callbacks'
  actionpack (3.2.13) lib/action_dispatch/middleware/callbacks.rb:27:in `call'
  actionpack (3.2.13) lib/action_dispatch/middleware/reloader.rb:65:in `call'
  actionpack (3.2.13) lib/action_dispatch/middleware/remote_ip.rb:31:in `call'
  actionpack (3.2.13) lib/action_dispatch/middleware/debug_exceptions.rb:16:in `call'
  actionpack (3.2.13) lib/action_dispatch/middleware/show_exceptions.rb:56:in `call'
  railties (3.2.13) lib/rails/rack/logger.rb:32:in `call_app'
  railties (3.2.13) lib/rails/rack/logger.rb:16:in `block in call'
  activesupport (3.2.13) lib/active_support/tagged_logging.rb:22:in `tagged'
  railties (3.2.13) lib/rails/rack/logger.rb:16:in `call'
  actionpack (3.2.13) lib/action_dispatch/middleware/request_id.rb:22:in `call'
  rack (1.4.5) lib/rack/methodoverride.rb:21:in `call'
  rack (1.4.5) lib/rack/runtime.rb:17:in `call'
  activesupport (3.2.13) lib/active_support/cache/strategy/local_cache.rb:72:in `call'
  rack (1.4.5) lib/rack/lock.rb:15:in `call'
  actionpack (3.2.13) lib/action_dispatch/middleware/static.rb:63:in `call'
  railties (3.2.13) lib/rails/engine.rb:479:in `call'
  railties (3.2.13) lib/rails/application.rb:223:in `call'
  rack (1.4.5) lib/rack/content_length.rb:14:in `call'
  railties (3.2.13) lib/rails/rack/log_tailer.rb:17:in `call'
  rack (1.4.5) lib/rack/handler/webrick.rb:59:in `service'
  /Users/Colette/.rvm/rubies/ruby-2.0.0-p247/lib/ruby/2.0.0/webrick/httpserver.rb:138:in `service'
  /Users/Colette/.rvm/rubies/ruby-2.0.0-p247/lib/ruby/2.0.0/webrick/httpserver.rb:94:in `run'
  /Users/Colette/.rvm/rubies/ruby-2.0.0-p247/lib/ruby/2.0.0/webrick/server.rb:295:in `block in start_thread'


  Rendered /Users/Colette/.rvm/gems/ruby-2.0.0-p247@rails3/gems/actionpack-3.2.13/lib/action_dispatch/middleware/templates/rescues/_trace.erb (1.3ms)
  Rendered /Users/Colette/.rvm/gems/ruby-2.0.0-p247@rails3/gems/actionpack-3.2.13/lib/action_dispatch/middleware/templates/rescues/_request_and_response.erb (1.0ms)
  Rendered /Users/Colette/.rvm/gems/ruby-2.0.0-p247@rails3/gems/actionpack-3.2.13/lib/action_dispatch/middleware/templates/rescues/diagnostics.erb within rescues/layout (13.5ms)


Started GET "/important_events/new" for 127.0.0.1 at 2013-07-16 22:22:57 -0700
Processing by ImportantEventsController#new as HTML
  Rendered important_events/_form.html.erb (26.8ms)
  Rendered important_events/new.html.erb within layouts/application (27.6ms)
Completed 200 OK in 44ms (Views: 36.8ms | ActiveRecord: 0.5ms)


Started GET "/assets/scaffolds.css?body=1" for 127.0.0.1 at 2013-07-16 22:22:57 -0700
Served asset /scaffolds.css - 304 Not Modified (0ms)


Started GET "/assets/important_events.css?body=1" for 127.0.0.1 at 2013-07-16 22:22:57 -0700
Served asset /important_events.css - 304 Not Modified (0ms)


Started GET "/assets/jquery.js?body=1" for 127.0.0.1 at 2013-07-16 22:22:57 -0700
Served asset /jquery.js - 304 Not Modified (0ms)


Started GET "/assets/application.css?body=1" for 127.0.0.1 at 2013-07-16 22:22:57 -0700
Served asset /application.css - 304 Not Modified (0ms)


Started GET "/assets/application.js?body=1" for 127.0.0.1 at 2013-07-16 22:22:57 -0700
Served asset /application.js - 304 Not Modified (0ms)


Started GET "/assets/jquery_ujs.js?body=1" for 127.0.0.1 at 2013-07-16 22:22:57 -0700
Served asset /jquery_ujs.js - 304 Not Modified (0ms)


Started GET "/assets/important_events.js?body=1" for 127.0.0.1 at 2013-07-16 22:22:57 -0700
Served asset /important_events.js - 304 Not Modified (0ms)
